0 info it worked if it ends with ok
1 verbose cli [ '/usr/bin/nodejs', '/usr/bin/npm', 'run', 'watch' ]
2 info using npm@3.5.2
3 info using node@v4.2.6
4 verbose run-script [ 'prewatch', 'watch', 'postwatch' ]
5 info lifecycle stable-roommates@1.0.0~prewatch: stable-roommates@1.0.0
6 silly lifecycle stable-roommates@1.0.0~prewatch: no script for prewatch, continuing
7 info lifecycle stable-roommates@1.0.0~watch: stable-roommates@1.0.0
8 verbose lifecycle stable-roommates@1.0.0~watch: unsafe-perm in lifecycle true
9 verbose lifecycle stable-roommates@1.0.0~watch: PATH: /usr/share/npm/bin/node-gyp-bin:/home/h/hansmair/ownCloud/Studium/SS18/Seminar matching under preferences/demo/implementation/node_modules/.bin:/home/h/hansmair/bin:/usr/local/bin:/bin:/usr/bin:/usr/X11R6/bin:/opt/bin:/usr/games:/soft/bin:/soft/IFI/pkg/bin:/soft/IFI/pkg/sbin:.
10 verbose lifecycle stable-roommates@1.0.0~watch: CWD: /home/h/hansmair/ownCloud/Studium/SS18/Seminar matching under preferences/demo/implementation
11 silly lifecycle stable-roommates@1.0.0~watch: Args: [ '-c', 'webpack --watch' ]
12 info lifecycle stable-roommates@1.0.0~watch: Failed to exec watch script
13 verbose stack Error: stable-roommates@1.0.0 watch: `webpack --watch`
13 verbose stack spawn ENOENT
13 verbose stack     at ChildProcess.<anonymous> (/usr/share/npm/lib/utils/spawn.js:17:16)
13 verbose stack     at emitTwo (events.js:87:13)
13 verbose stack     at ChildProcess.emit (events.js:172:7)
13 verbose stack     at maybeClose (internal/child_process.js:821:16)
13 verbose stack     at Process.ChildProcess._handle.onexit (internal/child_process.js:211:5)
14 verbose pkgid stable-roommates@1.0.0
15 verbose cwd /home/h/hansmair/ownCloud/Studium/SS18/Seminar matching under preferences/demo/implementation
16 error Linux 4.4.0-127-generic
17 error argv "/usr/bin/nodejs" "/usr/bin/npm" "run" "watch"
18 error node v4.2.6
19 error npm  v3.5.2
20 error file sh
21 error code ELIFECYCLE
22 error errno ENOENT
23 error syscall spawn
24 error stable-roommates@1.0.0 watch: `webpack --watch`
24 error spawn ENOENT
25 error Failed at the stable-roommates@1.0.0 watch script 'webpack --watch'.
25 error Make sure you have the latest version of node.js and npm installed.
25 error If you do, this is most likely a problem with the stable-roommates package,
25 error not with npm itself.
25 error Tell the author that this fails on your system:
25 error     webpack --watch
25 error You can get information on how to open an issue for this project with:
25 error     npm bugs stable-roommates
25 error Or if that isn't available, you can get their info via:
25 error     npm owner ls stable-roommates
25 error There is likely additional logging output above.
26 verbose exit [ 1, true ]
